\BOOKMARK [1][-]{section*.1}{\376\377\000A\000b\000s\000t\000r\000a\000c\000t}{}% 1
\BOOKMARK [1][-]{section*.2}{\376\377\0001\000.\000\040\000I\000n\000t\000r\000o\000d\000u\000c\000t\000i\000o\000n}{}% 2
\BOOKMARK [1][-]{section*.3}{\376\377\0002\000.\000\040\000S\000y\000m\000b\000o\000l\000i\000c\000\040\000E\000x\000e\000c\000u\000t\000i\000o\000n}{}% 3
\BOOKMARK [2][-]{section*.4}{\376\377\0002\000.\0001\000\040\000I\000n\000t\000r\000o\000d\000u\000c\000t\000i\000o\000n\000\040\000t\000o\000\040\000S\000y\000m\000b\000o\000l\000i\000c\000\040\000E\000x\000e\000c\000u\000t\000i\000o\000n}{section*.3}% 4
\BOOKMARK [3][-]{section*.5}{\376\377\0002\000.\0002\000\040\000F\000i\000n\000d\000i\000n\000g\000\040\000a\000n\000d\000\040\000C\000h\000o\000o\000s\000i\000n\000g\000\040\000P\000a\000t\000h\000s}{section*.4}% 5
\BOOKMARK [3][-]{section*.6}{\376\377\0002\000.\0003\000\040\000C\000o\000n\000s\000t\000r\000a\000i\000n\000t\000\040\000S\000o\000l\000v\000i\000n\000g}{section*.4}% 6
\BOOKMARK [2][-]{section*.7}{\376\377\000C\000a\000c\000h\000i\000n\000g}{section*.3}% 7
\BOOKMARK [3][-]{section*.8}{\376\377\000R\000e\000m\000o\000v\000i\000n\000g\000\040\000R\000e\000d\000u\000n\000d\000a\000n\000t\000\040\000C\000o\000n\000s\000t\000r\000a\000i\000n\000t\000s}{section*.7}% 8
\BOOKMARK [2][-]{section*.9}{\376\377\0002\000.\0003\000\040\000S\000y\000m\000b\000o\000l\000i\000c\000\040\000E\000x\000e\000c\000u\000t\000i\000o\000n\000\040\000f\000o\000r\000\040\000B\000u\000g\000\040\000D\000e\000t\000e\000c\000t\000i\000o\000n}{section*.3}% 9
\BOOKMARK [1][-]{section*.10}{\376\377\0003\000.\000\040\000S\000M\000T\000\040\000S\000o\000l\000v\000e\000r\000s}{}% 10
\BOOKMARK [1][-]{section*.11}{\376\377\0004\000.\000\040\000O\000v\000e\000r\000v\000i\000e\000w\000\040\000o\000f\000\040\000J\000a\000v\000a\000S\000c\000r\000i\000p\000t}{}% 11
\BOOKMARK [1][-]{section*.12}{\376\377\0004\000.\0001\000\040\000J\000a\000v\000a\000S\000c\000r\000i\000p\000t\000\040\000D\000e\000s\000i\000g\000n}{}% 12
\BOOKMARK [2][-]{section*.13}{\376\377\0004\000.\0001\000.\0001\000\040\000T\000y\000p\000e\000\040\000S\000y\000s\000t\000e\000m}{section*.12}% 13
\BOOKMARK [2][-]{section*.14}{\376\377\0004\000.\0001\000.\0002\000\040\000O\000b\000j\000e\000c\000t\000s\000\040\000a\000n\000d\000\040\000P\000r\000o\000t\000o\000t\000y\000p\000i\000c\000a\000l\000\040\000I\000n\000h\000e\000r\000i\000t\000a\000n\000c\000e}{section*.12}% 14
\BOOKMARK [2][-]{section*.15}{\376\377\0004\000.\0001\000.\0003\000\040\000A\000r\000r\000a\000y\000s}{section*.12}% 15
\BOOKMARK [3][-]{section*.16}{\376\377\000P\000r\000o\000t\000o\000t\000y\000p\000e\000\040\000M\000e\000t\000h\000o\000d\000s}{section*.15}% 16
\BOOKMARK [1][-]{section*.17}{\376\377\0004\000.\0002\000\040\000E\000n\000s\000u\000r\000i\000n\000g\000\040\000t\000h\000e\000\040\000C\000o\000r\000r\000e\000c\000t\000n\000e\000s\000s\000\040\000o\000f\000\040\000J\000a\000v\000a\000S\000c\000r\000i\000p\000t}{}% 17
\BOOKMARK [1][-]{section*.18}{\376\377\0005\000\040\000S\000M\000T}{}% 18
\BOOKMARK [1][-]{section*.19}{\376\377\0006\000\040\000R\000e\000s\000u\000l\000t\000s}{}% 19
\BOOKMARK [1][-]{section*.20}{\376\377\0007\000\040\000C\000o\000n\000c\000l\000u\000s\000i\000o\000n}{}% 20
\BOOKMARK [1][-]{section*.21}{\376\377\000B\000i\000b\000l\000i\000o\000g\000r\000a\000p\000h\000y}{}% 21
